SF:lib\shared\service_locator.dart
DA:12,3
DA:14,1
DA:17,5
DA:18,5
DA:19,4
DA:20,5
DA:21,5
DA:22,6
DA:23,6
LF:9
LH:9
end_of_record
SF:lib\main.dart
DA:15,0
DA:19,0
DA:27,2
DA:31,1
DA:34,1
DA:36,1
DA:37,1
DA:40,1
DA:41,1
DA:42,1
DA:43,5
DA:46,1
DA:47,3
LF:13
LH:11
end_of_record
SF:lib\features\quiz\domain\entities\question_entity.dart
DA:10,1
DA:18,1
DA:19,6
LF:3
LH:3
end_of_record
SF:lib\features\quiz\domain\entities\quiz_entity.dart
DA:9,1
DA:15,1
DA:16,4
LF:3
LH:3
end_of_record
SF:lib\features\quiz\domain\usecases\fetch_quiz_usecase.dart
DA:9,1
DA:11,1
DA:12,2
DA:13,1
DA:14,0
DA:15,1
DA:16,1
LF:7
LH:6
end_of_record
SF:lib\features\quiz\presentation\bloc\fetch_quiz\fetch_quiz_state.dart
DA:4,1
DA:6,0
DA:7,0
DA:11,0
DA:12,0
DA:15,0
DA:16,0
DA:22,1
DA:24,0
DA:25,0
DA:31,0
DA:33,0
DA:34,0
LF:13
LH:2
end_of_record
SF:lib\features\quiz\presentation\bloc\fetch_quiz\fetch_quiz_bloc.dart
DA:13,3
DA:14,2
DA:17,1
DA:18,2
DA:19,2
DA:20,1
DA:21,0
DA:22,3
LF:8
LH:7
end_of_record
SF:lib\features\quiz\presentation\bloc\fetch_quiz\fetch_quiz_event.dart
DA:4,1
DA:9,0
DA:10,0
LF:3
LH:1
end_of_record
SF:lib\features\quiz\data\repositories\quiz_repository_impl.dart
DA:11,1
DA:13,1
DA:16,2
DA:17,1
DA:19,0
DA:23,1
DA:25,1
DA:26,1
DA:27,1
DA:28,3
DA:29,1
DA:30,1
DA:31,1
DA:32,1
DA:33,1
DA:34,1
DA:36,1
DA:39,2
DA:40,1
DA:42,0
LF:20
LH:18
end_of_record
SF:lib\features\quiz\data\models\question_model.dart
DA:4,1
DA:12,1
DA:13,1
DA:14,1
DA:15,1
DA:16,2
DA:17,1
DA:18,1
DA:22,1
DA:23,1
DA:24,1
DA:25,1
DA:26,1
DA:27,1
DA:28,1
LF:15
LH:15
end_of_record
SF:lib\features\quiz\data\models\quiz_model.dart
DA:6,1
DA:12,1
DA:13,1
DA:14,1
DA:15,1
DA:16,1
DA:17,4
DA:23,1
DA:24,1
DA:25,1
DA:26,1
DA:27,1
DA:28,3
DA:29,1
LF:14
LH:14
end_of_record
SF:lib\features\quiz\domain\usecases\add_quiz_usecase.dart
DA:9,1
DA:11,1
DA:12,2
DA:13,1
DA:14,0
DA:15,1
DA:16,1
LF:7
LH:6
end_of_record
SF:lib\features\quiz\presentation\bloc\add_quiz\add_quiz_state.dart
DA:4,1
DA:6,0
DA:7,0
DA:11,0
DA:12,0
DA:16,0
DA:17,0
DA:24,1
DA:26,0
DA:27,0
DA:33,0
DA:35,0
DA:36,0
LF:13
LH:2
end_of_record
SF:lib\features\quiz\presentation\bloc\add_quiz\add_quiz_event.dart
DA:4,1
DA:10,1
DA:12,0
DA:13,0
LF:4
LH:2
end_of_record
SF:lib\features\quiz\presentation\bloc\add_quiz\add_quiz_bloc.dart
DA:13,3
DA:14,2
DA:17,1
DA:18,2
DA:19,3
DA:20,2
DA:21,1
DA:22,0
DA:23,3
LF:9
LH:8
end_of_record
SF:lib\features\quiz\presentation\screens\quiz_screen.dart
DA:14,1
DA:16,1
DA:17,1
DA:39,1
DA:41,1
DA:42,1
DA:43,4
DA:45,1
DA:46,1
DA:47,1
DA:49,1
DA:53,1
DA:54,2
DA:59,1
DA:60,4
DA:61,1
DA:62,1
DA:63,1
DA:68,1
DA:69,1
DA:74,1
DA:75,1
DA:76,1
DA:78,1
DA:79,1
DA:80,2
DA:81,1
DA:82,2
DA:84,1
DA:85,2
DA:86,2
DA:87,1
DA:88,3
DA:94,1
DA:95,1
DA:100,1
DA:101,1
DA:109,1
DA:111,1
DA:113,1
DA:115,6
DA:116,6
DA:117,6
DA:118,3
DA:119,4
DA:120,2
DA:121,4
DA:122,2
DA:123,0
DA:124,0
DA:125,0
DA:126,0
DA:129,0
DA:130,0
DA:131,0
DA:132,0
DA:141,5
DA:142,2
DA:145,1
DA:146,1
DA:155,2
DA:168,1
DA:170,1
DA:171,1
DA:175,1
DA:176,0
DA:177,0
DA:178,0
DA:181,1
DA:183,1
DA:184,1
DA:186,1
DA:187,1
DA:194,1
DA:195,1
DA:196,1
DA:197,3
DA:200,1
DA:201,1
DA:202,1
DA:203,1
DA:204,0
DA:206,0
DA:207,0
DA:209,0
DA:210,0
DA:211,0
DA:212,0
DA:213,0
DA:222,1
DA:223,1
DA:226,1
DA:227,0
DA:228,0
DA:231,1
DA:232,1
DA:233,1
DA:235,1
DA:236,1
DA:237,1
DA:238,1
DA:239,2
DA:241,1
DA:242,1
DA:243,1
DA:244,1
DA:245,1
DA:246,1
DA:247,1
DA:253,3
DA:254,1
DA:255,2
DA:256,1
DA:259,3
DA:260,1
DA:261,1
DA:266,1
DA:267,1
DA:268,1
DA:270,1
DA:271,1
DA:273,1
DA:274,0
DA:275,0
DA:282,1
DA:283,0
DA:284,0
DA:285,0
DA:289,1
DA:292,1
LF:130
LH:104
end_of_record
SF:lib\features\quiz\data\data_sources\remote\quiz_impl_api.dart
DA:86,1
DA:90,1
DA:93,2
DA:94,1
DA:95,1
DA:96,1
DA:101,1
DA:103,3
DA:105,3
DA:106,2
DA:109,0
DA:111,0
DA:113,0
DA:115,0
DA:116,0
DA:120,1
DA:123,2
DA:124,1
DA:125,1
DA:126,1
DA:127,1
DA:134,3
DA:137,2
DA:138,0
DA:140,0
DA:142,0
DA:145,0
DA:147,0
LF:28
LH:18
end_of_record
